<?xml version="1.0" encoding="utf-8"?><testsuites name="pytest tests"><testsuite name="pytest" errors="0" failures="0" skipped="0" tests="9" time="3.214" timestamp="2026-04-13T16:30:42.512954+00:00" hostname="agent-env-298ed896-2434-4aa0-8224-39d0b4ea2627"><testcase classname="backend.tests.test_trading_and_calculators.TestTradingSubscribe" name="test_subscribe_success" time="0.134" /><testcase classname="backend.tests.test_trading_and_calculators.TestTradingSubscribe" name="test_subscribe_invalid_email" time="0.134" /><testcase classname="backend.tests.test_trading_and_calculators.TestTradingAnalyze" name="test_analyze_aapl" time="0.300" /><testcase classname="backend.tests.test_trading_and_calculators.TestTradingAnalyze" name="test_analyze_invalid_symbol" time="1.099" /><testcase classname="backend.tests.test_trading_and_calculators.TestTradingScanResults" name="test_scan_results" time="0.157" /><testcase classname="backend.tests.test_trading_and_calculators.TestBlogArticles" name="test_get_all_articles" time="0.129" /><testcase classname="backend.tests.test_trading_and_calculators.TestBlogArticles" name="test_get_housing_market_article" time="0.111" /><testcase classname="backend.tests.test_trading_and_calculators.TestExistingApis" name="test_market_rates" time="0.930" /><testcase classname="backend.tests.test_trading_and_calculators.TestExistingApis" name="test_blog_list" time="0.149" /></testsuite></testsuites>