<?xml version="1.0" encoding="utf-8"?><testsuites name="pytest tests"><testsuite name="pytest" errors="0" failures="0" skipped="0" tests="13" time="3.667" timestamp="2026-04-13T18:57:59.448121+00:00" hostname="agent-env-298ed896-2434-4aa0-8224-39d0b4ea2627"><testcase classname="backend.tests.test_markets.TestMarketRates" name="test_rates_status_200" time="0.908" /><testcase classname="backend.tests.test_markets.TestMarketRates" name="test_rates_has_rates_object" time="0.143" /><testcase classname="backend.tests.test_markets.TestMarketRates" name="test_rates_five_fields" time="0.116" /><testcase classname="backend.tests.test_markets.TestMarketRates" name="test_rates_has_stocks_object" time="0.148" /><testcase classname="backend.tests.test_markets.TestMarketRates" name="test_rates_seven_etfs" time="0.184" /><testcase classname="backend.tests.test_markets.TestMarketRates" name="test_rates_updated_at_present" time="0.146" /><testcase classname="backend.tests.test_markets.TestMarketHousing" name="test_housing_status_200" time="1.070" /><testcase classname="backend.tests.test_markets.TestMarketHousing" name="test_housing_national_hpi" time="0.107" /><testcase classname="backend.tests.test_markets.TestMarketHousing" name="test_housing_national_median_price" time="0.151" /><testcase classname="backend.tests.test_markets.TestMarketHousing" name="test_housing_national_housing_starts" time="0.178" /><testcase classname="backend.tests.test_markets.TestMarketHousing" name="test_housing_cities_count" time="0.120" /><testcase classname="backend.tests.test_markets.TestMarketHousing" name="test_housing_cities_have_value_and_yoy" time="0.213" /><testcase classname="backend.tests.test_markets.TestMarketHousing" name="test_housing_expected_cities_present" time="0.114" /></testsuite></testsuites>